#
# There is insufficient memory for the Java Runtime Environment to continue.
# Native memory allocation (mmap) failed to map 65011712 bytes for G1 virtual space
# Possible reasons:
#   The system is out of physical RAM or swap space
#   The process is running with CompressedOops enabled, and the Java Heap may be blocking the growth of the native heap
# Possible solutions:
#   Reduce memory load on the system
#   Increase physical memory or swap space
#   Check if swap backing store is full
#   Decrease Java heap size (-Xmx/-Xms)
#   Decrease number of Java threads
#   Decrease Java thread stack sizes (-Xss)
#   Set larger code cache with -XX:ReservedCodeCacheSize=
#   JVM is running with Unscaled Compressed Oops mode in which the Java heap is
#     placed in the first 4GB address space. The Java Heap base address is the
#     maximum limit for the native heap growth. Please use -XX:HeapBaseMinAddress
#     to set the Java Heap base and to place the Java Heap above 4GB virtual address.
# This output file may be truncated or incomplete.
#
#  Out of Memory Error (os_windows.cpp:3469), pid=5512, tid=8812
#
# JRE version:  (17.0.1+12) (build )
# Java VM: Java HotSpot(TM) 64-Bit Server VM (17.0.1+12-LTS-39, mixed mode, emulated-client, sharing, tiered, compressed oops, compressed class ptrs, g1 gc, windows-amd64)
# No core dump will be written. Minidumps are not enabled by default on client versions of Windows
#

---------------  S U M M A R Y ------------

Command Line: -Dcom.sun.management.jmxremote -Dcom.sun.management.jmxremote.port=50119 -Dcom.sun.management.jmxremote.authenticate=false -Dcom.sun.management.jmxremote.ssl=false -Djava.rmi.server.hostname=localhost -Dspring.jmx.enabled=true -Dspring.application.admin.enabled=true -XX:TieredStopAtLevel=1 -Dspring.boot.project.name=online-report-card -Dfile.encoding=UTF-8 -XX:+ShowCodeDetailsInExceptionMessages com.example.OnlineReportCardApplication

Host: Intel(R) Core(TM) i5 CPU       M 560  @ 2.67GHz, 4 cores, 3G,  Windows 10 , 64 bit Build 18362 (10.0.18362.1110)
Time: Fri May  6 00:08:08 2022 India Standard Time elapsed time: 0.598247 seconds (0d 0h 0m 0s)

---------------  T H R E A D  ---------------

Current thread (0x0000020ab6c5bf50):  JavaThread "Unknown thread" [_thread_in_vm, id=8812, stack(0x000000718b200000,0x000000718b300000)]

Stack: [0x000000718b200000,0x000000718b300000]
Native frames: (J=compiled Java code, j=interpreted, Vv=VM code, C=native code)
V  [jvm.dll+0x66fa1a]
V  [jvm.dll+0x7ce5a4]
V  [jvm.dll+0x7cfd4e]
V  [jvm.dll+0x7d03b3]
V  [jvm.dll+0x242b05]
V  [jvm.dll+0x66ca39]
V  [jvm.dll+0x661502]
V  [jvm.dll+0x30081b]
V  [jvm.dll+0x307da6]
V  [jvm.dll+0x357a1e]
V  [jvm.dll+0x357c4f]
V  [jvm.dll+0x2d7ad8]
V  [jvm.dll+0x2d8a44]
V  [jvm.dll+0x7a01e1]
V  [jvm.dll+0x365791]
V  [jvm.dll+0x77f6cc]
V  [jvm.dll+0x3e812f]
V  [jvm.dll+0x3e9bd1]
C  [jli.dll+0x527b]
C  [ucrtbase.dll+0x210b2]
C  [KERNEL32.DLL+0x17c24]
C  [ntdll.dll+0x6d4d1]


---------------  P R O C E S S  ---------------

Threads class SMR info:
_java_thread_list=0x00007ff89d757818, length=0, elements={
}

Java Threads: ( => current thread )

Other Threads:
  0x0000020ab6c8a240 GCTaskThread "GC Thread#0" [stack: 0x000000718b300000,0x000000718b400000] [id=500]
  0x0000020ab6c931f0 ConcurrentGCThread "G1 Main Marker" [stack: 0x000000718b400000,0x000000718b500000] [id=8576]
  0x0000020ab6c93b10 ConcurrentGCThread "G1 Conc#0" [stack: 0x000000718b500000,0x000000718b600000] [id=4464]

[error occurred during error reporting (printing all threads), id 0xc0000005, EXCEPTION_ACCESS_VIOLATION (0xc0000005) at pc=0x00007ff89cfa84b7]

VM state: not at safepoint (not fully initialized)

VM Mutex/Monitor currently owned by a thread:  ([mutex/lock_event])
[0x0000020ab6c55c80] Heap_lock - owner thread: 0x0000020ab6c5bf50

Heap address: 0x00000000c3200000, size: 974 MB, Compressed Oops mode: 32-bit

CDS archive(s) mapped at: [0x0000000000000000-0x0000000000000000-0x0000000000000000), size 0, SharedBaseAddress: 0x0000000800000000, ArchiveRelocationMode: 0.
Narrow klass base: 0x0000000000000000, Narrow klass shift: 0, Narrow klass range: 0x0

GC Precious Log:
<Empty>

Heap:
 garbage-first heap   total 0K, used 0K [0x00000000c3200000, 0x0000000100000000)
  region size 1024K, 0 young (0K), 0 survivors (0K)

[error occurred during error reporting (printing heap information), id 0xc0000005, EXCEPTION_ACCESS_VIOLATION (0xc0000005) at pc=0x00007ff89d388d89]

GC Heap History (0 events):
No events

Deoptimization events (0 events):
No events

Classes unloaded (0 events):
No events

Classes redefined (0 events):
No events

Internal exceptions (0 events):
No events

VM Operations (0 events):
No events

Events (1 events):
Event: 0.229 Loaded shared library C:\Users\jesus\Downloads\jdk-17.0.1\bin\java.dll


Dynamic libraries:
0x00007ff7976e0000 - 0x00007ff7976f0000 	C:\Users\jesus\Downloads\jdk-17.0.1\bin\javaw.exe
0x00007ff8eb680000 - 0x00007ff8eb870000 	C:\WINDOWS\SYSTEM32\ntdll.dll
0x00007ff8e8e50000 - 0x00007ff8e8f02000 	C:\WINDOWS\System32\KERNEL32.DLL
0x00007ff8e83f0000 - 0x00007ff8e8695000 	C:\WINDOWS\System32\KERNELBASE.dll
0x00007ff8e8850000 - 0x00007ff8e894a000 	C:\WINDOWS\System32\ucrtbase.dll
0x00007ff8df060000 - 0x00007ff8df07a000 	C:\Users\jesus\Downloads\jdk-17.0.1\bin\VCRUNTIME140.dll
0x00007ff8ca240000 - 0x00007ff8ca258000 	C:\Users\jesus\Downloads\jdk-17.0.1\bin\jli.dll
0x00007ff8e9970000 - 0x00007ff8e9a13000 	C:\WINDOWS\System32\ADVAPI32.dll
0x00007ff8ea000000 - 0x00007ff8ea09e000 	C:\WINDOWS\System32\msvcrt.dll
0x00007ff8eaf50000 - 0x00007ff8eafe7000 	C:\WINDOWS\System32\sechost.dll
0x00007ff8e9a80000 - 0x00007ff8e9ba0000 	C:\WINDOWS\System32\RPCRT4.dll
0x00007ff8e9d60000 - 0x00007ff8e9ef4000 	C:\WINDOWS\System32\USER32.dll
0x00007ff8e87d0000 - 0x00007ff8e87f1000 	C:\WINDOWS\System32\win32u.dll
0x00007ff8e8fc0000 - 0x00007ff8e8fe6000 	C:\WINDOWS\System32\GDI32.dll
0x00007ff8e8a10000 - 0x00007ff8e8ba6000 	C:\WINDOWS\System32\gdi32full.dll
0x00007ff8d5f40000 - 0x00007ff8d61c4000 	C:\WINDOWS\WinSxS\amd64_microsoft.windows.common-controls_6595b64144ccf1df_6.0.18362.1256_none_9e7e379be45e40e2\COMCTL32.dll
0x00007ff8e8bb0000 - 0x00007ff8e8c4e000 	C:\WINDOWS\System32\msvcp_win.dll
0x00007ff8eab70000 - 0x00007ff8eaea6000 	C:\WINDOWS\System32\combase.dll
0x00007ff8e8950000 - 0x00007ff8e89d1000 	C:\WINDOWS\System32\bcryptPrimitives.dll
0x00007ff8deaa0000 - 0x00007ff8deaaa000 	C:\WINDOWS\SYSTEM32\VERSION.dll
0x00007ff8eab40000 - 0x00007ff8eab6e000 	C:\WINDOWS\System32\IMM32.DLL
0x00007ff8dbde0000 - 0x00007ff8dbdec000 	C:\Users\jesus\Downloads\jdk-17.0.1\bin\vcruntime140_1.dll
0x00007ff8c9360000 - 0x00007ff8c93ed000 	C:\Users\jesus\Downloads\jdk-17.0.1\bin\msvcp140.dll
0x00007ff89ccc0000 - 0x00007ff89d87e000 	C:\Users\jesus\Downloads\jdk-17.0.1\bin\server\jvm.dll
0x00007ff8eb150000 - 0x00007ff8eb158000 	C:\WINDOWS\System32\PSAPI.DLL
0x00007ff8d2260000 - 0x00007ff8d2269000 	C:\WINDOWS\SYSTEM32\WSOCK32.dll
0x00007ff8e5480000 - 0x00007ff8e54a4000 	C:\WINDOWS\SYSTEM32\WINMM.dll
0x00007ff8e9900000 - 0x00007ff8e996f000 	C:\WINDOWS\System32\WS2_32.dll
0x00007ff8e5450000 - 0x00007ff8e547d000 	C:\WINDOWS\SYSTEM32\winmmbase.dll
0x00007ff8e8800000 - 0x00007ff8e884a000 	C:\WINDOWS\System32\cfgmgr32.dll
0x00007ff8e7bf0000 - 0x00007ff8e7c01000 	C:\WINDOWS\System32\kernel.appcore.dll
0x00007ff8d1c40000 - 0x00007ff8d1c4a000 	C:\Users\jesus\Downloads\jdk-17.0.1\bin\jimage.dll
0x00007ff8d61d0000 - 0x00007ff8d63c4000 	C:\WINDOWS\SYSTEM32\DBGHELP.DLL
0x00007ff8d5f10000 - 0x00007ff8d5f3a000 	C:\WINDOWS\SYSTEM32\dbgcore.DLL
0x00007ff8a54f0000 - 0x00007ff8a5515000 	C:\Users\jesus\Downloads\jdk-17.0.1\bin\java.dll

dbghelp: loaded successfully - version: 4.0.5 - missing functions: none
symbol engine: initialized successfully - sym options: 0x614 - pdb path: .;C:\Users\jesus\Downloads\jdk-17.0.1\bin;C:\WINDOWS\SYSTEM32;C:\WINDOWS\WinSxS\amd64_microsoft.windows.common-controls_6595b64144ccf1df_6.0.18362.1256_none_9e7e379be45e40e2;C:\Users\jesus\Downloads\jdk-17.0.1\bin\server

VM Arguments:
jvm_args: -Dcom.sun.management.jmxremote -Dcom.sun.management.jmxremote.port=50119 -Dcom.sun.management.jmxremote.authenticate=false -Dcom.sun.management.jmxremote.ssl=false -Djava.rmi.server.hostname=localhost -Dspring.jmx.enabled=true -Dspring.application.admin.enabled=true -XX:TieredStopAtLevel=1 -Dspring.boot.project.name=online-report-card -Dfile.encoding=UTF-8 -XX:+ShowCodeDetailsInExceptionMessages 
java_command: com.example.OnlineReportCardApplication
java_class_path (initial): D:\Spring boot projects 2\online-report-card\target\classes;C:\Users\jesus\.m2\repository\org\springframework\boot\spring-boot-starter-data-jpa\3.0.0-SNAPSHOT\spring-boot-starter-data-jpa-3.0.0-SNAPSHOT.jar;C:\Users\jesus\.m2\repository\org\springframework\boot\spring-boot-starter-aop\3.0.0-SNAPSHOT\spring-boot-starter-aop-3.0.0-SNAPSHOT.jar;C:\Users\jesus\.m2\repository\org\springframework\spring-aop\6.0.0-SNAPSHOT\spring-aop-6.0.0-SNAPSHOT.jar;C:\Users\jesus\.m2\repository\org\aspectj\aspectjweaver\1.9.9\aspectjweaver-1.9.9.jar;C:\Users\jesus\.m2\repository\org\springframework\boot\spring-boot-starter-jdbc\3.0.0-SNAPSHOT\spring-boot-starter-jdbc-3.0.0-SNAPSHOT.jar;C:\Users\jesus\.m2\repository\com\zaxxer\HikariCP\5.0.1\HikariCP-5.0.1.jar;C:\Users\jesus\.m2\repository\org\springframework\spring-jdbc\6.0.0-SNAPSHOT\spring-jdbc-6.0.0-SNAPSHOT.jar;C:\Users\jesus\.m2\repository\org\hibernate\hibernate-core-jakarta\5.6.8.Final\hibernate-core-jakarta-5.6.8.Final.jar;C:\Users\jesus\.m2\repository\org\jboss\logging\jboss-logging\3.4.3.Final\jboss-logging-3.4.3.Final.jar;C:\Users\jesus\.m2\repository\jakarta\persistence\jakarta.persistence-api\3.0.0\jakarta.persistence-api-3.0.0.jar;C:\Users\jesus\.m2\repository\net\bytebuddy\byte-buddy\1.12.9\byte-buddy-1.12.9.jar;C:\Users\jesus\.m2\repository\antlr\antlr\2.7.7\antlr-2.7.7.jar;C:\Users\jesus\.m2\repository\jakarta\transaction\jakarta.transaction-api\2.0.0\jakarta.transaction-api-2.0.0.jar;C:\Users\jesus\.m2\repository\org\jboss\jandex\2.4.2.Final\jandex-2.4.2.Final.jar;C:\Users\jesus\.m2\repository\com\fasterxml\classmate\1.5.1\classmate-1.5.1.jar;C:\Users\jesus\.m2\repository\org\dom4j\dom4j\2.1.3\dom4j-2.1.3.jar;C:\Users\jesus\.m2\repository\org\hibernate\common\hibernate-commons-annotations\5.1.2.Final\hibernate-commons-annotations-5.1.2.Final.jar;C:\Users\jesus\.m2\repository\org\glassfish\jaxb\jaxb-runtime\3.0.2\jaxb-runtime-3.0.2.jar;C:\Users\jesus\.m2\repository\org\glassfish\jaxb\jaxb-c
Launcher Type: SUN_STANDARD

[Global flags]
     intx CICompilerCount                          = 3                                         {product} {ergonomic}
     uint ConcGCThreads                            = 1                                         {product} {ergonomic}
     uint G1ConcRefinementThreads                  = 4                                         {product} {ergonomic}
   size_t G1HeapRegionSize                         = 1048576                                   {product} {ergonomic}
    uintx GCDrainStackTargetSize                   = 64                                        {product} {ergonomic}
   size_t InitialHeapSize                          = 65011712                                  {product} {ergonomic}
     bool ManagementServer                         = true                                      {product} {command line}
   size_t MarkStackSize                            = 4194304                                   {product} {ergonomic}
   size_t MaxHeapSize                              = 1021313024                                {product} {ergonomic}
   size_t MinHeapDeltaBytes                        = 1048576                                   {product} {ergonomic}
   size_t MinHeapSize                              = 8388608                                   {product} {ergonomic}
    uintx NonProfiledCodeHeapSize                  = 0                                      {pd product} {ergonomic}
     bool ProfileInterpreter                       = false                                  {pd product} {command line}
    uintx ProfiledCodeHeapSize                     = 0                                      {pd product} {ergonomic}
     bool ShowCodeDetailsInExceptionMessages       = true                                   {manageable} {command line}
   size_t SoftMaxHeapSize                          = 1021313024                             {manageable} {ergonomic}
     intx TieredStopAtLevel                        = 1                                         {product} {command line}
     bool UseCompressedClassPointers               = true                           {product lp64_product} {ergonomic}
     bool UseCompressedOops                        = true                           {product lp64_product} {ergonomic}
     bool UseG1GC                                  = true                                      {product} {ergonomic}
     bool UseLargePagesIndividualAllocation        = false                                  {pd product} {ergonomic}

Logging:
Log output configuration:
 #0: stdout all=warning uptime,level,tags
 #1: stderr all=off uptime,level,tags

Environment Variables:
JAVA_HOME=C:\Users\jesus\Downloads\jdk-17.0.1
PATH=C:/Users/jesus/Downloads/jdk-17.0.1/bin/server;C:/Users/jesus/Downloads/jdk-17.0.1/bin;C:\Program Files\Python310\Scripts\;C:\Program Files\Python310\;C:\Users\jesus\Downloads\jdk-17.0.1\bin;C:\Program Files\Common Files\Oracle\Java\javapath;C:\WINDOWS\system32;C:\WINDOWS;C:\WINDOWS\System32\Wbem;C:\WINDOWS\System32\WindowsPowerShell\v1.0\;C:\WINDOWS\System32\OpenSSH\;C:\Program Files\MySQL\MySQL Shell 8.0\bin\;C:\Users\jesus\AppData\Local\Microsoft\WindowsApps;C:\Program Files\apache-maven-3.8.4\bin;;C:\Users\jesus\Desktop;
USERNAME=jesus
OS=Windows_NT
PROCESSOR_IDENTIFIER=Intel64 Family 6 Model 37 Stepping 5, GenuineIntel



---------------  S Y S T E M  ---------------

OS:
 Windows 10 , 64 bit Build 18362 (10.0.18362.1110)
OS uptime: 0 days 9:59 hours

CPU: total 4 (initial active 4) (2 cores per cpu, 2 threads per core) family 6 model 37 stepping 5 microcode 0x7, cx8, cmov, fxsr, ht, mmx, sse, sse2, sse3, ssse3, sse4.1, sse4.2, popcnt, tsc, tscinvbit, aes, clmul, clflush

Memory: 4k page, system-wide physical 3891M (543M free)
TotalPageFile size 15667M (AvailPageFile size 9M)
current process WorkingSet (physical memory assigned to process): 9M, peak: 9M
current process commit charge ("private bytes"): 46M, peak: 108M

vm_info: Java HotSpot(TM) 64-Bit Server VM (17.0.1+12-LTS-39) for windows-amd64 JRE (17.0.1+12-LTS-39), built on Sep 27 2021 18:41:35 by "mach5one" with MS VC++ 16.8 (VS2019)

END.
